<?xml version="1.0" encoding="UTF-8"?>
<!-- Generated by org.testng.reporters.JUnitReportReporter -->
<testsuite hostname="LIN-5CG1347H2P" failures="0" tests="6" name="runnerPack.RuunerFile" time="265.018" errors="0" timestamp="2024-04-02T12:03:22 IST" skipped="0">
  <testcase classname="runnerPack.RuunerFile" name="runScenario" time="27.058"/>
  <testcase classname="runnerPack.RuunerFile" name="runScenario" time="44.521"/>
  <testcase classname="runnerPack.RuunerFile" name="runScenario" time="38.200"/>
  <testcase classname="runnerPack.RuunerFile" name="runScenario" time="43.000"/>
  <testcase classname="runnerPack.RuunerFile" name="runScenario" time="63.911"/>
  <testcase classname="runnerPack.RuunerFile" name="runScenario" time="48.328"/>
</testsuite> <!-- runnerPack.RuunerFile -->
