<?xml version="1.0" encoding="UTF-8"?>
<!-- Generated by org.testng.reporters.JUnitReportReporter -->
<testsuite hostname="LIN-5CG1347H2P" failures="0" tests="1" name="StepDefinitions.login" time="8.872" errors="0" timestamp="2024-04-02T10:22:09 IST" skipped="0">
  <testcase classname="StepDefinitions.login" name="i_want_to_login_the_website" time="8.872"/>
  <system-out/>
</testsuite> <!-- StepDefinitions.login -->
